{"uid":"64e22ff18a19b06f","name":"test_vwoLogin","fullName":"tests.vwoLoginTests.test_vwologin#test_vwoLogin","historyId":"4c2b5b4b8bc6a8497b9fa20f543a9aa5","time":{"start":1716290122764,"stop":1716290130419,"duration":7655},"status":"passed","flaky":false,"newFailed":false,"newBroken":false,"newPassed":false,"retriesCount":12,"retriesStatusChange":true,"beforeStages":[{"name":"setup1","time":{"start":1716290111809,"stop":1716290122762,"duration":10953},"status":"passed","steps":[],"attachments":[],"parameters":[],"hasContent":false,"attachmentStep":false,"stepsCount":0,"shouldDisplayMessage":false,"attachmentsCount":0}],"afterStages":[{"name":"setup1::0","time":{"start":1716290130422,"stop":1716290132767,"duration":2345},"status":"passed","steps":[],"attachments":[],"parameters":[],"hasContent":false,"attachmentStep":false,"stepsCount":0,"shouldDisplayMessage":false,"attachmentsCount":0}],"labels":[{"name":"feature","value":"TC#1 - VWO App Positive Testcase"},{"name":"epic","value":"VWO Login Test"},{"name":"parentSuite","value":"tests.vwoLoginTests"},{"name":"suite","value":"test_vwologin"},{"name":"host","value":"DESKTOP-FPPQ7JL"},{"name":"thread","value":"13776-MainThread"},{"name":"framework","value":"pytest"},{"name":"language","value":"cpython3"},{"name":"package","value":"tests.vwoLoginTests.test_vwologin"},{"name":"resultFormat","value":"allure2"}],"parameters":[],"links":[],"hidden":false,"retry":false,"extra":{"severity":"normal","retries":[{"uid":"33b73e9da394f111","status":"broken","statusDetails":"selenium.common.exceptions.NoSuchElementException: Message: no such element: Unable to locate element: {\"method\":\"css selector\",\"selector\":\"[id=\"//input[@id='login-username']\"]\"}\n  (Session info: chrome=124.0.6367.208); For documentation on this error, please visit: https://www.selenium.dev/documentation/webdriver/troubleshooting/errors#no-such-element-exception\nStacktrace:\n\tGetHandleVerifier [0x00007FF65C661522+60802]\n\t(No symbol) [0x00007FF65C5DAC22]\n\t(No symbol) [0x00007FF65C497CE4]\n\t(No symbol) [0x00007FF65C4E6D4D]\n\t(No symbol) [0x00007FF65C4E6E1C]\n\t(No symbol) [0x00007FF65C52CE37]\n\t(No symbol) [0x00007FF65C50ABBF]\n\t(No symbol) [0x00007FF65C52A224]\n\t(No symbol) [0x00007FF65C50A923]\n\t(No symbol) [0x00007FF65C4D8FEC]\n\t(No symbol) [0x00007FF65C4D9C21]\n\tGetHandleVerifier [0x00007FF65C9641BD+3217949]\n\tGetHandleVerifier [0x00007FF65C9A6157+3488183]\n\tGetHandleVerifier [0x00007FF65C99F0DF+3459391]\n\tGetHandleVerifier [0x00007FF65C71B8E6+823622]\n\t(No symbol) [0x00007FF65C5E5FBF]\n\t(No symbol) [0x00007FF65C5E0EE4]\n\t(No symbol) [0x00007FF65C5E1072]\n\t(No symbol) [0x00007FF65C5D18C4]\n\tBaseThreadInitThunk [0x00007FFEAB007344+20]\n\tRtlUserThreadStart [0x00007FFEABC626B1+33]","time":{"start":1716289800948,"stop":1716289800993,"duration":45}},{"uid":"69ff37449979dfb4","status":"broken","statusDetails":"selenium.common.exceptions.JavascriptException: Message: javascript error: {\"status\":32,\"value\":\"An invalid or illegal selector was specified\"}\n  (Session info: chrome=124.0.6367.208)\nStacktrace:\n\tGetHandleVerifier [0x00007FF65C661522+60802]\n\t(No symbol) [0x00007FF65C5DAC22]\n\t(No symbol) [0x00007FF65C497CE4]\n\t(No symbol) [0x00007FF65C49DE26]\n\t(No symbol) [0x00007FF65C4A01DB]\n\t(No symbol) [0x00007FF65C4A0280]\n\t(No symbol) [0x00007FF65C4E6A11]\n\t(No symbol) [0x00007FF65C4E6E1C]\n\t(No symbol) [0x00007FF65C52CE37]\n\t(No symbol) [0x00007FF65C50ABBF]\n\t(No symbol) [0x00007FF65C52A224]\n\t(No symbol) [0x00007FF65C50A923]\n\t(No symbol) [0x00007FF65C4D8FEC]\n\t(No symbol) [0x00007FF65C4D9C21]\n\tGetHandleVerifier [0x00007FF65C9641BD+3217949]\n\tGetHandleVerifier [0x00007FF65C9A6157+3488183]\n\tGetHandleVerifier [0x00007FF65C99F0DF+3459391]\n\tGetHandleVerifier [0x00007FF65C71B8E6+823622]\n\t(No symbol) [0x00007FF65C5E5FBF]\n\t(No symbol) [0x00007FF65C5E0EE4]\n\t(No symbol) [0x00007FF65C5E1072]\n\t(No symbol) [0x00007FF65C5D18C4]\n\tBaseThreadInitThunk [0x00007FFEAB007344+20]\n\tRtlUserThreadStart [0x00007FFEABC626B1+33]","time":{"start":1716289714400,"stop":1716289714444,"duration":44}},{"uid":"cc9e9c457d122ad9","status":"broken","statusDetails":"selenium.common.exceptions.JavascriptException: Message: javascript error: {\"status\":32,\"value\":\"An invalid or illegal selector was specified\"}\n  (Session info: chrome=124.0.6367.208)\nStacktrace:\n\tGetHandleVerifier [0x00007FF65C661522+60802]\n\t(No symbol) [0x00007FF65C5DAC22]\n\t(No symbol) [0x00007FF65C497CE4]\n\t(No symbol) [0x00007FF65C49DE26]\n\t(No symbol) [0x00007FF65C4A01DB]\n\t(No symbol) [0x00007FF65C4A0280]\n\t(No symbol) [0x00007FF65C4E6A11]\n\t(No symbol) [0x00007FF65C4E6E1C]\n\t(No symbol) [0x00007FF65C52CE37]\n\t(No symbol) [0x00007FF65C50ABBF]\n\t(No symbol) [0x00007FF65C52A224]\n\t(No symbol) [0x00007FF65C50A923]\n\t(No symbol) [0x00007FF65C4D8FEC]\n\t(No symbol) [0x00007FF65C4D9C21]\n\tGetHandleVerifier [0x00007FF65C9641BD+3217949]\n\tGetHandleVerifier [0x00007FF65C9A6157+3488183]\n\tGetHandleVerifier [0x00007FF65C99F0DF+3459391]\n\tGetHandleVerifier [0x00007FF65C71B8E6+823622]\n\t(No symbol) [0x00007FF65C5E5FBF]\n\t(No symbol) [0x00007FF65C5E0EE4]\n\t(No symbol) [0x00007FF65C5E1072]\n\t(No symbol) [0x00007FF65C5D18C4]\n\tBaseThreadInitThunk [0x00007FFEAB007344+20]\n\tRtlUserThreadStart [0x00007FFEABC626B1+33]","time":{"start":1716289643543,"stop":1716289643589,"duration":46}},{"uid":"61490d0eee8cf60b","status":"broken","statusDetails":"selenium.common.exceptions.NoSuchElementException: Message: no such element: Unable to locate element: {\"method\":\"css selector\",\"selector\":\"[id=\"//input[@id='login-username']\"]\"}\n  (Session info: chrome=124.0.6367.208); For documentation on this error, please visit: https://www.selenium.dev/documentation/webdriver/troubleshooting/errors#no-such-element-exception\nStacktrace:\n\tGetHandleVerifier [0x00007FF65C661522+60802]\n\t(No symbol) [0x00007FF65C5DAC22]\n\t(No symbol) [0x00007FF65C497CE4]\n\t(No symbol) [0x00007FF65C4E6D4D]\n\t(No symbol) [0x00007FF65C4E6E1C]\n\t(No symbol) [0x00007FF65C52CE37]\n\t(No symbol) [0x00007FF65C50ABBF]\n\t(No symbol) [0x00007FF65C52A224]\n\t(No symbol) [0x00007FF65C50A923]\n\t(No symbol) [0x00007FF65C4D8FEC]\n\t(No symbol) [0x00007FF65C4D9C21]\n\tGetHandleVerifier [0x00007FF65C9641BD+3217949]\n\tGetHandleVerifier [0x00007FF65C9A6157+3488183]\n\tGetHandleVerifier [0x00007FF65C99F0DF+3459391]\n\tGetHandleVerifier [0x00007FF65C71B8E6+823622]\n\t(No symbol) [0x00007FF65C5E5FBF]\n\t(No symbol) [0x00007FF65C5E0EE4]\n\t(No symbol) [0x00007FF65C5E1072]\n\t(No symbol) [0x00007FF65C5D18C4]\n\tBaseThreadInitThunk [0x00007FFEAB007344+20]\n\tRtlUserThreadStart [0x00007FFEABC626B1+33]","time":{"start":1716289602157,"stop":1716289602292,"duration":135}},{"uid":"65ba965a621e9050","status":"broken","statusDetails":"selenium.common.exceptions.NoSuchElementException: Message: no such element: Unable to locate element: {\"method\":\"css selector\",\"selector\":\"[id=\"//input[@id='login-username']\"]\"}\n  (Session info: chrome=124.0.6367.208); For documentation on this error, please visit: https://www.selenium.dev/documentation/webdriver/troubleshooting/errors#no-such-element-exception\nStacktrace:\n\tGetHandleVerifier [0x00007FF65C661522+60802]\n\t(No symbol) [0x00007FF65C5DAC22]\n\t(No symbol) [0x00007FF65C497CE4]\n\t(No symbol) [0x00007FF65C4E6D4D]\n\t(No symbol) [0x00007FF65C4E6E1C]\n\t(No symbol) [0x00007FF65C52CE37]\n\t(No symbol) [0x00007FF65C50ABBF]\n\t(No symbol) [0x00007FF65C52A224]\n\t(No symbol) [0x00007FF65C50A923]\n\t(No symbol) [0x00007FF65C4D8FEC]\n\t(No symbol) [0x00007FF65C4D9C21]\n\tGetHandleVerifier [0x00007FF65C9641BD+3217949]\n\tGetHandleVerifier [0x00007FF65C9A6157+3488183]\n\tGetHandleVerifier [0x00007FF65C99F0DF+3459391]\n\tGetHandleVerifier [0x00007FF65C71B8E6+823622]\n\t(No symbol) [0x00007FF65C5E5FBF]\n\t(No symbol) [0x00007FF65C5E0EE4]\n\t(No symbol) [0x00007FF65C5E1072]\n\t(No symbol) [0x00007FF65C5D18C4]\n\tBaseThreadInitThunk [0x00007FFEAB007344+20]\n\tRtlUserThreadStart [0x00007FFEABC626B1+33]","time":{"start":1716289431556,"stop":1716289434574,"duration":3018}},{"uid":"406d1b7246bcd9a4","status":"broken","statusDetails":"selenium.common.exceptions.NoSuchElementException: Message: no such element: Unable to locate element: {\"method\":\"css selector\",\"selector\":\"[id=\"//input[@id='login-username']\"]\"}\n  (Session info: chrome=124.0.6367.208); For documentation on this error, please visit: https://www.selenium.dev/documentation/webdriver/troubleshooting/errors#no-such-element-exception\nStacktrace:\n\tGetHandleVerifier [0x00007FF65C661522+60802]\n\t(No symbol) [0x00007FF65C5DAC22]\n\t(No symbol) [0x00007FF65C497CE4]\n\t(No symbol) [0x00007FF65C4E6D4D]\n\t(No symbol) [0x00007FF65C4E6E1C]\n\t(No symbol) [0x00007FF65C52CE37]\n\t(No symbol) [0x00007FF65C50ABBF]\n\t(No symbol) [0x00007FF65C52A224]\n\t(No symbol) [0x00007FF65C50A923]\n\t(No symbol) [0x00007FF65C4D8FEC]\n\t(No symbol) [0x00007FF65C4D9C21]\n\tGetHandleVerifier [0x00007FF65C9641BD+3217949]\n\tGetHandleVerifier [0x00007FF65C9A6157+3488183]\n\tGetHandleVerifier [0x00007FF65C99F0DF+3459391]\n\tGetHandleVerifier [0x00007FF65C71B8E6+823622]\n\t(No symbol) [0x00007FF65C5E5FBF]\n\t(No symbol) [0x00007FF65C5E0EE4]\n\t(No symbol) [0x00007FF65C5E1072]\n\t(No symbol) [0x00007FF65C5D18C4]\n\tBaseThreadInitThunk [0x00007FFEAB007344+20]\n\tRtlUserThreadStart [0x00007FFEABC626B1+33]","time":{"start":1716289370924,"stop":1716289370946,"duration":22}},{"uid":"56dec9029408a290","status":"broken","statusDetails":"selenium.common.exceptions.NoSuchElementException: Message: no such element: Unable to locate element: {\"method\":\"css selector\",\"selector\":\"[id=\"//input[@id='login-username']\"]\"}\n  (Session info: chrome=124.0.6367.208); For documentation on this error, please visit: https://www.selenium.dev/documentation/webdriver/troubleshooting/errors#no-such-element-exception\nStacktrace:\n\tGetHandleVerifier [0x00007FF65C661522+60802]\n\t(No symbol) [0x00007FF65C5DAC22]\n\t(No symbol) [0x00007FF65C497CE4]\n\t(No symbol) [0x00007FF65C4E6D4D]\n\t(No symbol) [0x00007FF65C4E6E1C]\n\t(No symbol) [0x00007FF65C52CE37]\n\t(No symbol) [0x00007FF65C50ABBF]\n\t(No symbol) [0x00007FF65C52A224]\n\t(No symbol) [0x00007FF65C50A923]\n\t(No symbol) [0x00007FF65C4D8FEC]\n\t(No symbol) [0x00007FF65C4D9C21]\n\tGetHandleVerifier [0x00007FF65C9641BD+3217949]\n\tGetHandleVerifier [0x00007FF65C9A6157+3488183]\n\tGetHandleVerifier [0x00007FF65C99F0DF+3459391]\n\tGetHandleVerifier [0x00007FF65C71B8E6+823622]\n\t(No symbol) [0x00007FF65C5E5FBF]\n\t(No symbol) [0x00007FF65C5E0EE4]\n\t(No symbol) [0x00007FF65C5E1072]\n\t(No symbol) [0x00007FF65C5D18C4]\n\tBaseThreadInitThunk [0x00007FFEAB007344+20]\n\tRtlUserThreadStart [0x00007FFEABC626B1+33]","time":{"start":1716289093225,"stop":1716289093242,"duration":17}},{"uid":"c2fbce5a956f3415","status":"broken","statusDetails":"TypeError: LoginPage() takes no arguments","time":{"start":1716288901126,"stop":1716288901127,"duration":1}},{"uid":"5198e4259cb625d6","status":"broken","statusDetails":"_pytest.fixtures.FixtureLookupError: ('setup1', <FixtureRequest for <Function test_vwoLogin>>)","time":{"start":1716288725908,"stop":1716288725908,"duration":0}},{"uid":"d2055fbab7d663f9","status":"broken","statusDetails":"_pytest.fixtures.FixtureLookupError: ('setup1', <FixtureRequest for <Function test_vwoLogin>>)","time":{"start":1716288639565,"stop":1716288639565,"duration":0}},{"uid":"506c78812db4276f","status":"broken","statusDetails":"_pytest.fixtures.FixtureLookupError: ('setup', <FixtureRequest for <Function test_vwoLogin>>)","time":{"start":1716288281313,"stop":1716288281313,"duration":0}},{"uid":"53c11646978bb225","status":"broken","statusDetails":"_pytest.fixtures.FixtureLookupError: ('setup', <FixtureRequest for <Function test_vwoLogin>>)","time":{"start":1716288246235,"stop":1716288246235,"duration":0}}],"categories":[],"tags":[]},"source":"64e22ff18a19b06f.json","parameterValues":[]}